sh: 1: wkhtmltopdf: not found
1.4585707323187003
['SP', '']
['MG', '']
['RJ', '']
['BA', '']
['PR', '']
['RS', '']
['PE', '']
['CE', '']
['PA', '']
['SC', '']
['MA', '']
['GO', '']
['AM', '']
['ES', '']
['PB', '']
['RN', '']
['MT', '']
['AL', '']
['PI', '']
['DF', '']
['MS', '']
['SE', '']
['RO', '']
['TO', '']
['AC', '']
['AP', '']
['RR', '']
/home/davi/Codigos/painelCOVID_gif_v3.py:361: RuntimeWarning: invalid value encountered in true_divide
  return  M1/G1 ,  M2/G2
/home/davi/Codigos/painelCOVID_gif_v3.py:471: RuntimeWarning: invalid value encountered in true_divide
  y = NM/NC
sh: 1: wkhtmltopdf: not found
sh: 1: wkhtmltopdf: not found
sh: 1: wkhtmltopdf: not found
sh: 1: wkhtmltopdf: not found
sh: 1: wkhtmltopdf: not found
sh: 1: wkhtmltopdf: not found
sh: 1: wkhtmltopdf: not found
sh: 1: wkhtmltopdf: not found
sh: 1: wkhtmltopdf: not found
sh: 1: wkhtmltopdf: not found
sh: 1: wkhtmltopdf: not found
sh: 1: wkhtmltopdf: not found
sh: 1: wkhtmltopdf: not found
sh: 1: wkhtmltopdf: not found
sh: 1: wkhtmltopdf: not found
sh: 1: wkhtmltopdf: not found
sh: 1: wkhtmltopdf: not found
sh: 1: wkhtmltopdf: not found
sh: 1: wkhtmltopdf: not found
sh: 1: wkhtmltopdf: not found
sh: 1: wkhtmltopdf: not found
sh: 1: wkhtmltopdf: not found
sh: 1: wkhtmltopdf: not found
sh: 1: wkhtmltopdf: not found
sh: 1: wkhtmltopdf: not found
sh: 1: wkhtmltopdf: not found
sh: 1: wkhtmltopdf: not found
sh: 1: wkhtmltopdf: not found
sh: 1: wkhtmltopdf: not found
sh: 1: wkhtmltopdf: not found
sh: 1: wkhtmltopdf: not found
sh: 1: wkhtmltopdf: not found
sh: 1: wkhtmltopdf: not found
sh: 1: wkhtmltopdf: not found
sh: 1: wkhtmltopdf: not found
sh: 1: wkhtmltopdf: not found
sh: 1: wkhtmltopdf: not found
sh: 1: wkhtmltopdf: not found
sh: 1: wkhtmltopdf: not found
sh: 1: wkhtmltopdf: not found
sh: 1: wkhtmltopdf: not found
sh: 1: wkhtmltopdf: not found
sh: 1: wkhtmltopdf: not found
sh: 1: wkhtmltopdf: not found
sh: 1: wkhtmltopdf: not found
sh: 1: wkhtmltopdf: not found
sh: 1: wkhtmltopdf: not found
sh: 1: wkhtmltopdf: not found
sh: 1: wkhtmltopdf: not found
sh: 1: wkhtmltopdf: not found
sh: 1: wkhtmltopdf: not found
sh: 1: wkhtmltopdf: not found
sh: 1: wkhtmltopdf: not found
sh: 1: wkhtmltopdf: not found
sh: 1: wkhtmltopdf: not found
sh: 1: wkhtmltopdf: not found
sh: 1: wkhtmltopdf: not found
sh: 1: wkhtmltopdf: not found
sh: 1: wkhtmltopdf: not found
sh: 1: wkhtmltopdf: not found
sh: 1: wkhtmltopdf: not found
sh: 1: wkhtmltopdf: not found
sh: 1: wkhtmltopdf: not found
sh: 1: wkhtmltopdf: not found
sh: 1: wkhtmltopdf: not found
sh: 1: wkhtmltopdf: not found
sh: 1: wkhtmltopdf: not found
sh: 1: wkhtmltopdf: not found
['SP', '']
['SP', 'São Paulo']
/home/davi/Codigos/painelCOVID_gif_v3.py:361: RuntimeWarning: invalid value encountered in true_divide
  return  M1/G1 ,  M2/G2
/home/davi/Codigos/painelCOVID_gif_v3.py:471: RuntimeWarning: invalid value encountered in true_divide
  y = NM/NC
/home/davi/Codigos/painelCOVID_gif_v3.py:361: RuntimeWarning: invalid value encountered in true_divide
  return  M1/G1 ,  M2/G2
/home/davi/Codigos/painelCOVID_gif_v3.py:471: RuntimeWarning: invalid value encountered in true_divide
  y = NM/NC
['RJ', '']
['SP', 'Guarulhos']
/home/davi/Codigos/painelCOVID_gif_v3.py:361: RuntimeWarning: invalid value encountered in true_divide
  return  M1/G1 ,  M2/G2
/home/davi/Codigos/painelCOVID_gif_v3.py:471: RuntimeWarning: invalid value encountered in true_divide
  y = NM/NC
/home/davi/Codigos/painelCOVID_gif_v3.py:361: RuntimeWarning: invalid value encountered in true_divide
  return  M1/G1 ,  M2/G2
/home/davi/Codigos/painelCOVID_gif_v3.py:471: RuntimeWarning: invalid value encountered in true_divide
  y = NM/NC
['MG', '']
['SP', 'Campinas']
/home/davi/Codigos/painelCOVID_gif_v3.py:361: RuntimeWarning: invalid value encountered in true_divide
  return  M1/G1 ,  M2/G2
/home/davi/Codigos/painelCOVID_gif_v3.py:471: RuntimeWarning: invalid value encountered in true_divide
  y = NM/NC
/home/davi/Codigos/painelCOVID_gif_v3.py:361: RuntimeWarning: invalid value encountered in true_divide
  return  M1/G1 ,  M2/G2
/home/davi/Codigos/painelCOVID_gif_v3.py:471: RuntimeWarning: invalid value encountered in true_divide
  y = NM/NC
['BA', '']
['SP', 'São Bernardo do Campo']
/home/davi/Codigos/painelCOVID_gif_v3.py:361: RuntimeWarning: invalid value encountered in true_divide
  return  M1/G1 ,  M2/G2
/home/davi/Codigos/painelCOVID_gif_v3.py:471: RuntimeWarning: invalid value encountered in true_divide
  y = NM/NC
/home/davi/Codigos/painelCOVID_gif_v3.py:361: RuntimeWarning: invalid value encountered in true_divide
  return  M1/G1 ,  M2/G2
/home/davi/Codigos/painelCOVID_gif_v3.py:471: RuntimeWarning: invalid value encountered in true_divide
  y = NM/NC
['RS', '']
['SP', 'Santo André']
/home/davi/Codigos/painelCOVID_gif_v3.py:361: RuntimeWarning: invalid value encountered in true_divide
  return  M1/G1 ,  M2/G2
/home/davi/Codigos/painelCOVID_gif_v3.py:471: RuntimeWarning: divide by zero encountered in true_divide
  y = NM/NC
/home/davi/Codigos/painelCOVID_gif_v3.py:471: RuntimeWarning: invalid value encountered in true_divide
  y = NM/NC
/home/davi/Codigos/painelCOVID_gif_v3.py:361: RuntimeWarning: invalid value encountered in true_divide
  return  M1/G1 ,  M2/G2
/home/davi/Codigos/painelCOVID_gif_v3.py:471: RuntimeWarning: invalid value encountered in true_divide
  y = NM/NC
['PE', '']
['SP', 'São José dos Campos']
/home/davi/Codigos/painelCOVID_gif_v3.py:361: RuntimeWarning: invalid value encountered in true_divide
  return  M1/G1 ,  M2/G2
/usr/local/anaconda3/lib/python3.8/site-packages/scipy/stats/_stats_mstats_common.py:130: RuntimeWarning: invalid value encountered in double_scalars
  slope = r_num / ssxm
/usr/local/anaconda3/lib/python3.8/site-packages/scipy/stats/_stats_mstats_common.py:142: RuntimeWarning: invalid value encountered in double_scalars
  sterrest = np.sqrt((1 - r**2) * ssym / ssxm / df)
/home/davi/Codigos/painelCOVID_gif_v3.py:471: RuntimeWarning: invalid value encountered in true_divide
  y = NM/NC
/home/davi/Codigos/painelCOVID_gif_v3.py:361: RuntimeWarning: invalid value encountered in true_divide
  return  M1/G1 ,  M2/G2
/home/davi/Codigos/painelCOVID_gif_v3.py:471: RuntimeWarning: invalid value encountered in true_divide
  y = NM/NC
['CE', '']
['SP', 'Osasco']
/home/davi/Codigos/painelCOVID_gif_v3.py:361: RuntimeWarning: invalid value encountered in true_divide
  return  M1/G1 ,  M2/G2
/usr/local/anaconda3/lib/python3.8/site-packages/scipy/stats/_stats_mstats_common.py:130: RuntimeWarning: invalid value encountered in double_scalars
  slope = r_num / ssxm
/usr/local/anaconda3/lib/python3.8/site-packages/scipy/stats/_stats_mstats_common.py:142: RuntimeWarning: invalid value encountered in double_scalars
  sterrest = np.sqrt((1 - r**2) * ssym / ssxm / df)
/home/davi/Codigos/painelCOVID_gif_v3.py:471: RuntimeWarning: invalid value encountered in true_divide
  y = NM/NC
/home/davi/Codigos/painelCOVID_gif_v3.py:361: RuntimeWarning: invalid value encountered in true_divide
  return  M1/G1 ,  M2/G2
/home/davi/Codigos/painelCOVID_gif_v3.py:471: RuntimeWarning: invalid value encountered in true_divide
  y = NM/NC
['PR', '']
['SP', 'Ribeirão Preto']
/home/davi/Codigos/painelCOVID_gif_v3.py:361: RuntimeWarning: invalid value encountered in true_divide
  return  M1/G1 ,  M2/G2
/usr/local/anaconda3/lib/python3.8/site-packages/scipy/stats/_stats_mstats_common.py:130: RuntimeWarning: invalid value encountered in double_scalars
  slope = r_num / ssxm
/usr/local/anaconda3/lib/python3.8/site-packages/scipy/stats/_stats_mstats_common.py:142: RuntimeWarning: invalid value encountered in double_scalars
  sterrest = np.sqrt((1 - r**2) * ssym / ssxm / df)
/home/davi/Codigos/painelCOVID_gif_v3.py:471: RuntimeWarning: invalid value encountered in true_divide
  y = NM/NC
/home/davi/Codigos/painelCOVID_gif_v3.py:361: RuntimeWarning: invalid value encountered in true_divide
  return  M1/G1 ,  M2/G2
/home/davi/Codigos/painelCOVID_gif_v3.py:471: RuntimeWarning: divide by zero encountered in true_divide
  y = NM/NC
/home/davi/Codigos/painelCOVID_gif_v3.py:471: RuntimeWarning: invalid value encountered in true_divide
  y = NM/NC
['SC', '']
['SP', 'Sorocaba']
/home/davi/Codigos/painelCOVID_gif_v3.py:361: RuntimeWarning: invalid value encountered in true_divide
  return  M1/G1 ,  M2/G2
/usr/local/anaconda3/lib/python3.8/site-packages/scipy/stats/_stats_mstats_common.py:130: RuntimeWarning: invalid value encountered in double_scalars
  slope = r_num / ssxm
/usr/local/anaconda3/lib/python3.8/site-packages/scipy/stats/_stats_mstats_common.py:142: RuntimeWarning: invalid value encountered in double_scalars
  sterrest = np.sqrt((1 - r**2) * ssym / ssxm / df)
/home/davi/Codigos/painelCOVID_gif_v3.py:471: RuntimeWarning: invalid value encountered in true_divide
  y = NM/NC
/home/davi/Codigos/painelCOVID_gif_v3.py:361: RuntimeWarning: invalid value encountered in true_divide
  return  M1/G1 ,  M2/G2
/home/davi/Codigos/painelCOVID_gif_v3.py:471: RuntimeWarning: invalid value encountered in true_divide
  y = NM/NC
['PA', '']
['SP', 'Mauá']
/home/davi/Codigos/painelCOVID_gif_v3.py:361: RuntimeWarning: invalid value encountered in true_divide
  return  M1/G1 ,  M2/G2
/usr/local/anaconda3/lib/python3.8/site-packages/scipy/stats/_stats_mstats_common.py:130: RuntimeWarning: invalid value encountered in double_scalars
  slope = r_num / ssxm
/usr/local/anaconda3/lib/python3.8/site-packages/scipy/stats/_stats_mstats_common.py:142: RuntimeWarning: invalid value encountered in double_scalars
  sterrest = np.sqrt((1 - r**2) * ssym / ssxm / df)
/home/davi/Codigos/painelCOVID_gif_v3.py:471: RuntimeWarning: invalid value encountered in true_divide
  y = NM/NC
/home/davi/Codigos/painelCOVID_gif_v3.py:361: RuntimeWarning: invalid value encountered in true_divide
  return  M1/G1 ,  M2/G2
/home/davi/Codigos/painelCOVID_gif_v3.py:471: RuntimeWarning: invalid value encountered in true_divide
  y = NM/NC
['MA', '']
['SP', 'Santos']
/home/davi/Codigos/painelCOVID_gif_v3.py:361: RuntimeWarning: invalid value encountered in true_divide
  return  M1/G1 ,  M2/G2
/usr/local/anaconda3/lib/python3.8/site-packages/scipy/stats/_stats_mstats_common.py:130: RuntimeWarning: invalid value encountered in double_scalars
  slope = r_num / ssxm
/usr/local/anaconda3/lib/python3.8/site-packages/scipy/stats/_stats_mstats_common.py:142: RuntimeWarning: invalid value encountered in double_scalars
  sterrest = np.sqrt((1 - r**2) * ssym / ssxm / df)
/home/davi/Codigos/painelCOVID_gif_v3.py:471: RuntimeWarning: invalid value encountered in true_divide
  y = NM/NC
/home/davi/Codigos/painelCOVID_gif_v3.py:361: RuntimeWarning: invalid value encountered in true_divide
  return  M1/G1 ,  M2/G2
/home/davi/Codigos/painelCOVID_gif_v3.py:471: RuntimeWarning: invalid value encountered in true_divide
  y = NM/NC
['GO', '']
['SP', 'Diadema']
/home/davi/Codigos/painelCOVID_gif_v3.py:361: RuntimeWarning: invalid value encountered in true_divide
  return  M1/G1 ,  M2/G2
/usr/local/anaconda3/lib/python3.8/site-packages/scipy/stats/_stats_mstats_common.py:130: RuntimeWarning: invalid value encountered in double_scalars
  slope = r_num / ssxm
/usr/local/anaconda3/lib/python3.8/site-packages/scipy/stats/_stats_mstats_common.py:142: RuntimeWarning: invalid value encountered in double_scalars
  sterrest = np.sqrt((1 - r**2) * ssym / ssxm / df)
/home/davi/Codigos/painelCOVID_gif_v3.py:471: RuntimeWarning: invalid value encountered in true_divide
  y = NM/NC
/home/davi/Codigos/painelCOVID_gif_v3.py:361: RuntimeWarning: invalid value encountered in true_divide
  return  M1/G1 ,  M2/G2
/home/davi/Codigos/painelCOVID_gif_v3.py:471: RuntimeWarning: divide by zero encountered in true_divide
  y = NM/NC
/home/davi/Codigos/painelCOVID_gif_v3.py:471: RuntimeWarning: invalid value encountered in true_divide
  y = NM/NC
['AM', '']
['SP', 'São Caetano do Sul']
/home/davi/Codigos/painelCOVID_gif_v3.py:361: RuntimeWarning: invalid value encountered in true_divide
  return  M1/G1 ,  M2/G2
/usr/local/anaconda3/lib/python3.8/site-packages/scipy/stats/_stats_mstats_common.py:130: RuntimeWarning: invalid value encountered in double_scalars
  slope = r_num / ssxm
/usr/local/anaconda3/lib/python3.8/site-packages/scipy/stats/_stats_mstats_common.py:142: RuntimeWarning: invalid value encountered in double_scalars
  sterrest = np.sqrt((1 - r**2) * ssym / ssxm / df)
/home/davi/Codigos/painelCOVID_gif_v3.py:471: RuntimeWarning: invalid value encountered in true_divide
  y = NM/NC
/home/davi/Codigos/painelCOVID_gif_v3.py:361: RuntimeWarning: invalid value encountered in true_divide
  return  M1/G1 ,  M2/G2
/home/davi/Codigos/painelCOVID_gif_v3.py:471: RuntimeWarning: invalid value encountered in true_divide
  y = NM/NC
['RN', '']
['SP', 'Piracicaba']
/home/davi/Codigos/painelCOVID_gif_v3.py:361: RuntimeWarning: invalid value encountered in true_divide
  return  M1/G1 ,  M2/G2
/usr/local/anaconda3/lib/python3.8/site-packages/scipy/stats/_stats_mstats_common.py:130: RuntimeWarning: invalid value encountered in double_scalars
  slope = r_num / ssxm
/usr/local/anaconda3/lib/python3.8/site-packages/scipy/stats/_stats_mstats_common.py:142: RuntimeWarning: invalid value encountered in double_scalars
  sterrest = np.sqrt((1 - r**2) * ssym / ssxm / df)
/home/davi/Codigos/painelCOVID_gif_v3.py:471: RuntimeWarning: divide by zero encountered in true_divide
  y = NM/NC
/home/davi/Codigos/painelCOVID_gif_v3.py:471: RuntimeWarning: invalid value encountered in true_divide
  y = NM/NC
/home/davi/Codigos/painelCOVID_gif_v3.py:361: RuntimeWarning: invalid value encountered in true_divide
  return  M1/G1 ,  M2/G2
/home/davi/Codigos/painelCOVID_gif_v3.py:471: RuntimeWarning: invalid value encountered in true_divide
  y = NM/NC
['MT', '']
['RJ', 'Rio de Janeiro']
['ES', '']
['SP', 'Jundiaí']
/home/davi/Codigos/painelCOVID_gif_v3.py:361: RuntimeWarning: invalid value encountered in true_divide
  return  M1/G1 ,  M2/G2
/usr/local/anaconda3/lib/python3.8/site-packages/scipy/stats/_stats_mstats_common.py:130: RuntimeWarning: invalid value encountered in double_scalars
  slope = r_num / ssxm
/usr/local/anaconda3/lib/python3.8/site-packages/scipy/stats/_stats_mstats_common.py:142: RuntimeWarning: invalid value encountered in double_scalars
  sterrest = np.sqrt((1 - r**2) * ssym / ssxm / df)
/home/davi/Codigos/painelCOVID_gif_v3.py:471: RuntimeWarning: invalid value encountered in true_divide
  y = NM/NC
/home/davi/Codigos/painelCOVID_gif_v3.py:361: RuntimeWarning: invalid value encountered in true_divide
  return  M1/G1 ,  M2/G2
/home/davi/Codigos/painelCOVID_gif_v3.py:471: RuntimeWarning: invalid value encountered in true_divide
  y = NM/NC
/home/davi/Codigos/painelCOVID_gif_v3.py:361: RuntimeWarning: invalid value encountered in true_divide
  return  M1/G1 ,  M2/G2
/home/davi/Codigos/painelCOVID_gif_v3.py:471: RuntimeWarning: invalid value encountered in true_divide
  y = NM/NC
/home/davi/Codigos/painelCOVID_gif_v3.py:361: RuntimeWarning: invalid value encountered in true_divide
  return  M1/G1 ,  M2/G2
/home/davi/Codigos/painelCOVID_gif_v3.py:471: RuntimeWarning: invalid value encountered in true_divide
  y = NM/NC
['AL', '']
['CE', 'Fortaleza']
/home/davi/Codigos/painelCOVID_gif_v3.py:361: RuntimeWarning: invalid value encountered in true_divide
  return  M1/G1 ,  M2/G2
/home/davi/Codigos/painelCOVID_gif_v3.py:471: RuntimeWarning: divide by zero encountered in true_divide
  y = NM/NC
/home/davi/Codigos/painelCOVID_gif_v3.py:471: RuntimeWarning: invalid value encountered in true_divide
  y = NM/NC
/home/davi/Codigos/painelCOVID_gif_v3.py:361: RuntimeWarning: invalid value encountered in true_divide
  return  M1/G1 ,  M2/G2
/home/davi/Codigos/painelCOVID_gif_v3.py:471: RuntimeWarning: invalid value encountered in true_divide
  y = NM/NC
['PB', '']
['BA', 'Salvador']
/home/davi/Codigos/painelCOVID_gif_v3.py:361: RuntimeWarning: invalid value encountered in true_divide
  return  M1/G1 ,  M2/G2
/usr/local/anaconda3/lib/python3.8/site-packages/scipy/stats/_stats_mstats_common.py:130: RuntimeWarning: invalid value encountered in double_scalars
  slope = r_num / ssxm
/usr/local/anaconda3/lib/python3.8/site-packages/scipy/stats/_stats_mstats_common.py:142: RuntimeWarning: invalid value encountered in double_scalars
  sterrest = np.sqrt((1 - r**2) * ssym / ssxm / df)
/home/davi/Codigos/painelCOVID_gif_v3.py:471: RuntimeWarning: invalid value encountered in true_divide
  y = NM/NC
/home/davi/Codigos/painelCOVID_gif_v3.py:361: RuntimeWarning: invalid value encountered in true_divide
  return  M1/G1 ,  M2/G2
/home/davi/Codigos/painelCOVID_gif_v3.py:471: RuntimeWarning: invalid value encountered in true_divide
  y = NM/NC
['DF', '']
['MG', 'Belo Horizonte']
/home/davi/Codigos/painelCOVID_gif_v3.py:361: RuntimeWarning: invalid value encountered in true_divide
  return  M1/G1 ,  M2/G2
/home/davi/Codigos/painelCOVID_gif_v3.py:382: RuntimeWarning: invalid value encountered in log
  Y = np.log((Popul - alpha*dR_smooth[i-3:i+4]/gamma1 - alpha*R_smooth[i-3:i+4])/(Popul - alpha*dR_smooth[i-3]/gamma1 - alpha*R_smooth[i-3]))
/home/davi/Codigos/painelCOVID_gif_v3.py:387: RuntimeWarning: invalid value encountered in log
  Y = np.log((Popul - alpha*dR_smooth[i-3:i+4]/gamma2 - alpha*R_smooth[i-3:i+4])/(Popul - alpha*dR_smooth[i-3]/gamma2 - alpha*R_smooth[i-3]))
/home/davi/Codigos/painelCOVID_gif_v3.py:471: RuntimeWarning: invalid value encountered in true_divide
  y = NM/NC
/home/davi/Codigos/painelCOVID_gif_v3.py:361: RuntimeWarning: invalid value encountered in true_divide
  return  M1/G1 ,  M2/G2
/home/davi/Codigos/painelCOVID_gif_v3.py:471: RuntimeWarning: divide by zero encountered in true_divide
  y = NM/NC
/home/davi/Codigos/painelCOVID_gif_v3.py:471: RuntimeWarning: invalid value encountered in true_divide
  y = NM/NC
/usr/local/anaconda3/lib/python3.8/site-packages/numpy/core/fromnumeric.py:87: RuntimeWarning: invalid value encountered in reduce
  return ufunc.reduce(obj, axis, dtype, out, **passkwargs)
['PI', '']
['AM', 'Manaus']
/home/davi/Codigos/painelCOVID_gif_v3.py:361: RuntimeWarning: invalid value encountered in true_divide
  return  M1/G1 ,  M2/G2
/usr/local/anaconda3/lib/python3.8/site-packages/scipy/stats/_stats_mstats_common.py:130: RuntimeWarning: invalid value encountered in double_scalars
  slope = r_num / ssxm
/usr/local/anaconda3/lib/python3.8/site-packages/scipy/stats/_stats_mstats_common.py:142: RuntimeWarning: invalid value encountered in double_scalars
  sterrest = np.sqrt((1 - r**2) * ssym / ssxm / df)
/home/davi/Codigos/painelCOVID_gif_v3.py:471: RuntimeWarning: invalid value encountered in true_divide
  y = NM/NC
/home/davi/Codigos/painelCOVID_gif_v3.py:361: RuntimeWarning: invalid value encountered in true_divide
  return  M1/G1 ,  M2/G2
/home/davi/Codigos/painelCOVID_gif_v3.py:471: RuntimeWarning: invalid value encountered in true_divide
  y = NM/NC
['SE', '']
['PE', 'Recife']
['MS', '']
['PR', 'Curitiba']
/home/davi/Codigos/painelCOVID_gif_v3.py:361: RuntimeWarning: invalid value encountered in true_divide
  return  M1/G1 ,  M2/G2
/usr/local/anaconda3/lib/python3.8/site-packages/scipy/stats/_stats_mstats_common.py:130: RuntimeWarning: invalid value encountered in double_scalars
  slope = r_num / ssxm
/usr/local/anaconda3/lib/python3.8/site-packages/scipy/stats/_stats_mstats_common.py:142: RuntimeWarning: invalid value encountered in double_scalars
  sterrest = np.sqrt((1 - r**2) * ssym / ssxm / df)
/home/davi/Codigos/painelCOVID_gif_v3.py:471: RuntimeWarning: divide by zero encountered in true_divide
  y = NM/NC
/home/davi/Codigos/painelCOVID_gif_v3.py:471: RuntimeWarning: invalid value encountered in true_divide
  y = NM/NC
/home/davi/Codigos/painelCOVID_gif_v3.py:361: RuntimeWarning: invalid value encountered in true_divide
  return  M1/G1 ,  M2/G2
/home/davi/Codigos/painelCOVID_gif_v3.py:471: RuntimeWarning: invalid value encountered in true_divide
  y = NM/NC
/home/davi/Codigos/painelCOVID_gif_v3.py:361: RuntimeWarning: invalid value encountered in true_divide
  return  M1/G1 ,  M2/G2
/usr/local/anaconda3/lib/python3.8/site-packages/scipy/stats/_stats_mstats_common.py:130: RuntimeWarning: invalid value encountered in double_scalars
  slope = r_num / ssxm
/usr/local/anaconda3/lib/python3.8/site-packages/scipy/stats/_stats_mstats_common.py:142: RuntimeWarning: invalid value encountered in double_scalars
  sterrest = np.sqrt((1 - r**2) * ssym / ssxm / df)
/home/davi/Codigos/painelCOVID_gif_v3.py:471: RuntimeWarning: invalid value encountered in true_divide
  y = NM/NC
/home/davi/Codigos/painelCOVID_gif_v3.py:361: RuntimeWarning: invalid value encountered in true_divide
  return  M1/G1 ,  M2/G2
/home/davi/Codigos/painelCOVID_gif_v3.py:471: RuntimeWarning: invalid value encountered in true_divide
  y = NM/NC
['AC', '']
['GO', 'Goiânia']
/home/davi/Codigos/painelCOVID_gif_v3.py:361: RuntimeWarning: invalid value encountered in true_divide
  return  M1/G1 ,  M2/G2
/usr/local/anaconda3/lib/python3.8/site-packages/scipy/stats/_stats_mstats_common.py:130: RuntimeWarning: invalid value encountered in double_scalars
  slope = r_num / ssxm
/usr/local/anaconda3/lib/python3.8/site-packages/scipy/stats/_stats_mstats_common.py:142: RuntimeWarning: invalid value encountered in double_scalars
  sterrest = np.sqrt((1 - r**2) * ssym / ssxm / df)
/home/davi/Codigos/painelCOVID_gif_v3.py:471: RuntimeWarning: divide by zero encountered in true_divide
  y = NM/NC
/home/davi/Codigos/painelCOVID_gif_v3.py:471: RuntimeWarning: invalid value encountered in true_divide
  y = NM/NC
/home/davi/Codigos/painelCOVID_gif_v3.py:361: RuntimeWarning: invalid value encountered in true_divide
  return  M1/G1 ,  M2/G2
/home/davi/Codigos/painelCOVID_gif_v3.py:471: RuntimeWarning: divide by zero encountered in true_divide
  y = NM/NC
/home/davi/Codigos/painelCOVID_gif_v3.py:471: RuntimeWarning: invalid value encountered in true_divide
  y = NM/NC
['RO', '']
['RS', 'Porto Alegre']
/home/davi/Codigos/painelCOVID_gif_v3.py:361: RuntimeWarning: invalid value encountered in true_divide
  return  M1/G1 ,  M2/G2
/usr/local/anaconda3/lib/python3.8/site-packages/scipy/stats/_stats_mstats_common.py:130: RuntimeWarning: invalid value encountered in double_scalars
  slope = r_num / ssxm
/usr/local/anaconda3/lib/python3.8/site-packages/scipy/stats/_stats_mstats_common.py:142: RuntimeWarning: invalid value encountered in double_scalars
  sterrest = np.sqrt((1 - r**2) * ssym / ssxm / df)
/home/davi/Codigos/painelCOVID_gif_v3.py:471: RuntimeWarning: invalid value encountered in true_divide
  y = NM/NC
/home/davi/Codigos/painelCOVID_gif_v3.py:361: RuntimeWarning: invalid value encountered in true_divide
  return  M1/G1 ,  M2/G2
/home/davi/Codigos/painelCOVID_gif_v3.py:471: RuntimeWarning: divide by zero encountered in true_divide
  y = NM/NC
/home/davi/Codigos/painelCOVID_gif_v3.py:471: RuntimeWarning: invalid value encountered in true_divide
  y = NM/NC
['TO', '']
['PA', 'Belém']
/home/davi/Codigos/painelCOVID_gif_v3.py:361: RuntimeWarning: invalid value encountered in true_divide
  return  M1/G1 ,  M2/G2
/usr/local/anaconda3/lib/python3.8/site-packages/scipy/stats/_stats_mstats_common.py:130: RuntimeWarning: invalid value encountered in double_scalars
  slope = r_num / ssxm
/usr/local/anaconda3/lib/python3.8/site-packages/scipy/stats/_stats_mstats_common.py:142: RuntimeWarning: invalid value encountered in double_scalars
  sterrest = np.sqrt((1 - r**2) * ssym / ssxm / df)
/home/davi/Codigos/painelCOVID_gif_v3.py:471: RuntimeWarning: divide by zero encountered in true_divide
  y = NM/NC
/home/davi/Codigos/painelCOVID_gif_v3.py:471: RuntimeWarning: invalid value encountered in true_divide
  y = NM/NC
/home/davi/Codigos/painelCOVID_gif_v3.py:361: RuntimeWarning: invalid value encountered in true_divide
  return  M1/G1 ,  M2/G2
/home/davi/Codigos/painelCOVID_gif_v3.py:471: RuntimeWarning: invalid value encountered in true_divide
  y = NM/NC
['AP', '']
['MA', 'São Luís']
/home/davi/Codigos/painelCOVID_gif_v3.py:361: RuntimeWarning: invalid value encountered in true_divide
  return  M1/G1 ,  M2/G2
/usr/local/anaconda3/lib/python3.8/site-packages/scipy/stats/_stats_mstats_common.py:130: RuntimeWarning: invalid value encountered in double_scalars
  slope = r_num / ssxm
/usr/local/anaconda3/lib/python3.8/site-packages/scipy/stats/_stats_mstats_common.py:142: RuntimeWarning: invalid value encountered in double_scalars
  sterrest = np.sqrt((1 - r**2) * ssym / ssxm / df)
/home/davi/Codigos/painelCOVID_gif_v3.py:471: RuntimeWarning: invalid value encountered in true_divide
  y = NM/NC
/home/davi/Codigos/painelCOVID_gif_v3.py:361: RuntimeWarning: invalid value encountered in true_divide
  return  M1/G1 ,  M2/G2
/home/davi/Codigos/painelCOVID_gif_v3.py:471: RuntimeWarning: invalid value encountered in true_divide
  y = NM/NC
['AL', 'Maceió']
/home/davi/Codigos/painelCOVID_gif_v3.py:361: RuntimeWarning: invalid value encountered in true_divide
  return  M1/G1 ,  M2/G2
/home/davi/Codigos/painelCOVID_gif_v3.py:471: RuntimeWarning: invalid value encountered in true_divide
  y = NM/NC
['PI', 'Teresina']
/home/davi/Codigos/painelCOVID_gif_v3.py:361: RuntimeWarning: invalid value encountered in true_divide
  return  M1/G1 ,  M2/G2
/home/davi/Codigos/painelCOVID_gif_v3.py:471: RuntimeWarning: divide by zero encountered in true_divide
  y = NM/NC
/home/davi/Codigos/painelCOVID_gif_v3.py:471: RuntimeWarning: invalid value encountered in true_divide
  y = NM/NC
['RN', 'Natal']
/home/davi/Codigos/painelCOVID_gif_v3.py:361: RuntimeWarning: invalid value encountered in true_divide
  return  M1/G1 ,  M2/G2
/home/davi/Codigos/painelCOVID_gif_v3.py:471: RuntimeWarning: divide by zero encountered in true_divide
  y = NM/NC
/home/davi/Codigos/painelCOVID_gif_v3.py:471: RuntimeWarning: invalid value encountered in true_divide
  y = NM/NC
['MS', 'Campo Grande']
/home/davi/Codigos/painelCOVID_gif_v3.py:361: RuntimeWarning: invalid value encountered in true_divide
  return  M1/G1 ,  M2/G2
/home/davi/Codigos/painelCOVID_gif_v3.py:471: RuntimeWarning: invalid value encountered in true_divide
  y = NM/NC
['PB', 'Campina Grande']
/home/davi/Codigos/painelCOVID_gif_v3.py:361: RuntimeWarning: invalid value encountered in true_divide
  return  M1/G1 ,  M2/G2
/home/davi/Codigos/painelCOVID_gif_v3.py:471: RuntimeWarning: divide by zero encountered in true_divide
  y = NM/NC
/home/davi/Codigos/painelCOVID_gif_v3.py:471: RuntimeWarning: invalid value encountered in true_divide
  y = NM/NC
['PB', 'João Pessoa']
/home/davi/Codigos/painelCOVID_gif_v3.py:361: RuntimeWarning: invalid value encountered in true_divide
  return  M1/G1 ,  M2/G2
/home/davi/Codigos/painelCOVID_gif_v3.py:471: RuntimeWarning: divide by zero encountered in true_divide
  y = NM/NC
/home/davi/Codigos/painelCOVID_gif_v3.py:471: RuntimeWarning: invalid value encountered in true_divide
  y = NM/NC
/home/davi/Codigos/painelCOVID_gif_v3.py:324: RuntimeWarning: invalid value encountered in subtract
  Y_edge = np.concatenate( ( Y[0]*np.ones(n) , Y , Y[ k-n : k] + Y[k-1] - Y[k-n-1] )  )
['SE', 'Aracaju']
/home/davi/Codigos/painelCOVID_gif_v3.py:361: RuntimeWarning: invalid value encountered in true_divide
  return  M1/G1 ,  M2/G2
/home/davi/Codigos/painelCOVID_gif_v3.py:471: RuntimeWarning: divide by zero encountered in true_divide
  y = NM/NC
/home/davi/Codigos/painelCOVID_gif_v3.py:471: RuntimeWarning: invalid value encountered in true_divide
  y = NM/NC
['MT', 'Cuiabá']
/home/davi/Codigos/painelCOVID_gif_v3.py:361: RuntimeWarning: invalid value encountered in true_divide
  return  M1/G1 ,  M2/G2
/home/davi/Codigos/painelCOVID_gif_v3.py:471: RuntimeWarning: divide by zero encountered in true_divide
  y = NM/NC
/home/davi/Codigos/painelCOVID_gif_v3.py:471: RuntimeWarning: invalid value encountered in true_divide
  y = NM/NC
['RO', 'Porto Velho']
/home/davi/Codigos/painelCOVID_gif_v3.py:361: RuntimeWarning: invalid value encountered in true_divide
  return  M1/G1 ,  M2/G2
/home/davi/Codigos/painelCOVID_gif_v3.py:471: RuntimeWarning: divide by zero encountered in true_divide
  y = NM/NC
/home/davi/Codigos/painelCOVID_gif_v3.py:471: RuntimeWarning: invalid value encountered in true_divide
  y = NM/NC
['SC', 'Florianópolis']
/home/davi/Codigos/painelCOVID_gif_v3.py:361: RuntimeWarning: invalid value encountered in true_divide
  return  M1/G1 ,  M2/G2
/home/davi/Codigos/painelCOVID_gif_v3.py:471: RuntimeWarning: invalid value encountered in true_divide
  y = NM/NC
['AP', 'Macapá']
/home/davi/Codigos/painelCOVID_gif_v3.py:361: RuntimeWarning: invalid value encountered in true_divide
  return  M1/G1 ,  M2/G2
/home/davi/Codigos/painelCOVID_gif_v3.py:471: RuntimeWarning: divide by zero encountered in true_divide
  y = NM/NC
/home/davi/Codigos/painelCOVID_gif_v3.py:471: RuntimeWarning: invalid value encountered in true_divide
  y = NM/NC
['AC', 'Rio Branco']
/home/davi/Codigos/painelCOVID_gif_v3.py:361: RuntimeWarning: invalid value encountered in true_divide
  return  M1/G1 ,  M2/G2
/home/davi/Codigos/painelCOVID_gif_v3.py:471: RuntimeWarning: divide by zero encountered in true_divide
  y = NM/NC
/home/davi/Codigos/painelCOVID_gif_v3.py:471: RuntimeWarning: invalid value encountered in true_divide
  y = NM/NC
['ES', 'Vitória']
/home/davi/Codigos/painelCOVID_gif_v3.py:361: RuntimeWarning: invalid value encountered in true_divide
  return  M1/G1 ,  M2/G2
/home/davi/Codigos/painelCOVID_gif_v3.py:471: RuntimeWarning: invalid value encountered in true_divide
  y = NM/NC
['RR', '']
['TO', 'Palmas']
/home/davi/Codigos/painelCOVID_gif_v3.py:361: RuntimeWarning: invalid value encountered in true_divide
  return  M1/G1 ,  M2/G2
/usr/local/anaconda3/lib/python3.8/site-packages/scipy/stats/_stats_mstats_common.py:130: RuntimeWarning: invalid value encountered in double_scalars
  slope = r_num / ssxm
/usr/local/anaconda3/lib/python3.8/site-packages/scipy/stats/_stats_mstats_common.py:142: RuntimeWarning: invalid value encountered in double_scalars
  sterrest = np.sqrt((1 - r**2) * ssym / ssxm / df)
/home/davi/Codigos/painelCOVID_gif_v3.py:382: RuntimeWarning: invalid value encountered in log
  Y = np.log((Popul - alpha*dR_smooth[i-3:i+4]/gamma1 - alpha*R_smooth[i-3:i+4])/(Popul - alpha*dR_smooth[i-3]/gamma1 - alpha*R_smooth[i-3]))
/home/davi/Codigos/painelCOVID_gif_v3.py:387: RuntimeWarning: invalid value encountered in log
  Y = np.log((Popul - alpha*dR_smooth[i-3:i+4]/gamma2 - alpha*R_smooth[i-3:i+4])/(Popul - alpha*dR_smooth[i-3]/gamma2 - alpha*R_smooth[i-3]))
/home/davi/Codigos/painelCOVID_gif_v3.py:471: RuntimeWarning: invalid value encountered in true_divide
  y = NM/NC
/home/davi/Codigos/painelCOVID_gif_v3.py:361: RuntimeWarning: invalid value encountered in true_divide
  return  M1/G1 ,  M2/G2
/home/davi/Codigos/painelCOVID_gif_v3.py:471: RuntimeWarning: invalid value encountered in true_divide
  y = NM/NC
['RR', 'Boa Vista']
/home/davi/Codigos/painelCOVID_gif_v3.py:361: RuntimeWarning: invalid value encountered in true_divide
  return  M1/G1 ,  M2/G2
/home/davi/Codigos/painelCOVID_gif_v3.py:382: RuntimeWarning: invalid value encountered in log
  Y = np.log((Popul - alpha*dR_smooth[i-3:i+4]/gamma1 - alpha*R_smooth[i-3:i+4])/(Popul - alpha*dR_smooth[i-3]/gamma1 - alpha*R_smooth[i-3]))
/home/davi/Codigos/painelCOVID_gif_v3.py:387: RuntimeWarning: invalid value encountered in log
  Y = np.log((Popul - alpha*dR_smooth[i-3:i+4]/gamma2 - alpha*R_smooth[i-3:i+4])/(Popul - alpha*dR_smooth[i-3]/gamma2 - alpha*R_smooth[i-3]))
/home/davi/Codigos/painelCOVID_gif_v3.py:471: RuntimeWarning: invalid value encountered in true_divide
  y = NM/NC
